Ansys Lumerical 2021 R2.2 FDTD Solver Version 8.26.2806 (Windows 64bit)
 expires (month/day/year): 9/21/2023
using config file: Ansys Licensing set with ANSYSLMD_LICENSE_FILE
license host: 1055@localhost
current time: Wed Apr 12 13:07:00 2023
Running on host: WIN-4OM4F99HPGO
host available memory (GB): 262.126248
All processes are communicating and ready to proceed to simulation...
Running fsp file: C:\Program Files\Lumerical\v212\bin\fdtd-engine-msmpi.exe -t 1 -remote C:/Users/Georgios/Desktop/test-my-scripts/lumerical-py-scripts/MODE/arrayed-waveguide-grating/awg_box_coupler.fsp
Starting meshing
Simulation size in gridpoints: 1 x 456 x 38
Refined 0 mesh cells (0%)
Completed meshing!
Meshing complete in 0.234375 seconds of CPU time
Starting meshing
Simulation size in gridpoints: 1 x 456 x 38
Refined 0 mesh cells (0%)
Completed meshing!
Meshing complete in 0.21875 seconds of CPU time
Starting meshing
Simulation size in gridpoints: 1 x 456 x 38
Refined 0 mesh cells (0%)
Completed meshing!
Meshing complete in 0.203125 seconds of CPU time
number of processors is 8
processors are distributed as: 2x4x1
Running 3D Simulation
Starting meshing
Simulation size in gridpoints: 151 x 118 x 52
Refined 0 mesh cells (0%)
Completed meshing!
Meshing complete in 2.67188 seconds of CPU time
0 0
Starting meshing
Simulation size in gridpoints: 151 x 118 x 52
Refined 0 mesh cells (0%)
Completed meshing!
Meshing complete in 1.96875 seconds of CPU time
0 0
Starting meshing
Simulation size in gridpoints: 151 x 118 x 52
Refined 0 mesh cells (0%)
Completed meshing!
Meshing complete in 1.875 seconds of CPU time
0 0
finished material properties
Meshing Time: 4.66756 seconds, Init Electrical Material Time: 0.0990649 seconds, Init Magnetic Material Time: 0.0055493
Using selected optimization level: 2
Selecting 3d kernel for splitFieldDirection=0 and optLevel=2
-----------------------------------------
Beginning initialization of 3D Simulation
Starting to add sources to simulation
Adding 3D Mode source propagating in X
Starting to add boundary conditions to simulation
Adding 3D PML BC
Adding 3D Parallel BC
Adding 3D PML BC
Adding 3D Parallel BC
Adding 3D PML BC
Adding 3D PML BC
Starting to add monitors to Simulation
Adding analysis monitor
Adding 3D DFT monitor
Adding 3D DFT monitor
Finished initialization of 3D Simulation
-----------------------------------------
All processes are communicating and ready to proceed to simulation...
Starting 38126 total iterations
0.125898% complete. Max time remaining: 17 mins, 30 secs. Auto Shutoff: 1
1.13308% complete. Max time remaining: 11 mins, 51 secs. Auto Shutoff: 0.972843
2.14026% complete. Max time remaining: 11 mins, 5 secs. Auto Shutoff: 0.934856
3.14744% complete. Max time remaining: 10 mins, 43 secs. Auto Shutoff: 0.311023
4.15462% complete. Max time remaining: 10 mins, 28 secs. Auto Shutoff: 1.76471e-05
5.16181% complete. Max time remaining: 10 mins, 16 secs. Auto Shutoff: 1.21579e-05
100% complete. Max time remaining: 0 mins, 0 secs. Auto Shutoff: 9.0681e-06
Early termination of simulation, the autoshutoff criteria are satisfied.
Completed 2151 iterations, or 4.513433e-13s of Simulation Time
Process 0 starting to collect data
    collecting monitor data
    collecting source data
Finished collecting data
Simulation completed successfully at: Wed Apr 12 13:07:46 2023
Overall wall time measurements in seconds: 58.6774
    time to mesh and initialize: 9.11561
    time to run FDTD simulation: 36.5345
    time to checkpoint simulation: 4e-07
    time to finalize data and save to files: 0.129178
    miscellaneous time: 12.8981
    FDTD solver speed on process 0: 54.5506 Mnodes/s
    total FDTD solver speed on 8 processes: 436.405 Mnodes/s
