Ansys Lumerical 2021 R2.2 FDTD Solver Version 8.26.2806 (Windows 64bit)
 expires (month/day/year): 9/21/2023
using config file: Ansys Licensing set with ANSYSLMD_LICENSE_FILE
license host: 1055@localhost
current time: Wed Apr 5 21:03:18 2023
Running on host: WIN-4OM4F99HPGO
host available memory (GB): 262.722617
All processes are communicating and ready to proceed to simulation...
Running fsp file: C:\Program Files\Lumerical\v212\bin\fdtd-engine-msmpi.exe -t 1 -remote C:/Users/Georgios/Desktop/test-my-scripts/lumerical-py-scripts/FDTD/waveguide-bend/waveguide_bend.fsp
Starting meshing
Simulation size in gridpoints: 1 x 135 x 115
Refined 0 mesh cells (0%)
Completed meshing!
Meshing complete in 0 seconds of CPU time
Starting meshing
Simulation size in gridpoints: 1 x 135 x 115
Refined 0 mesh cells (0%)
Completed meshing!
Meshing complete in 0 seconds of CPU time
Starting meshing
Simulation size in gridpoints: 1 x 135 x 115
Refined 0 mesh cells (0%)
Completed meshing!
Meshing complete in 0.015625 seconds of CPU time
number of processors is 8
processors are distributed as: 2x2x2
Running 3D Simulation
Starting meshing
Simulation size in gridpoints: 132 x 132 x 65
Refined 0 mesh cells (0%)
Completed meshing!
Meshing complete in 0.40625 seconds of CPU time
0 0
Starting meshing
Simulation size in gridpoints: 132 x 132 x 65
Refined 0 mesh cells (0%)
Completed meshing!
Meshing complete in 0.390625 seconds of CPU time
0 0
Starting meshing
Simulation size in gridpoints: 132 x 132 x 65
Refined 0 mesh cells (0%)
Completed meshing!
Meshing complete in 0.296875 seconds of CPU time
0 0
finished material properties
Meshing Time: 0.853828 seconds, Init Electrical Material Time: 0.184372 seconds, Init Magnetic Material Time: 0.0075343
Using selected optimization level: 2
Selecting 3d kernel for splitFieldDirection=0 and optLevel=2
-----------------------------------------
Beginning initialization of 3D Simulation
Starting to add sources to simulation
Adding 3D Mode source propagating in X
Starting to add boundary conditions to simulation
Adding 3D PML BC
Adding 3D Parallel BC
Adding 3D PML BC
Adding 3D Parallel BC
Adding 3D PML BC
Adding 3D Parallel BC
Starting to add monitors to Simulation
Adding analysis monitor
Adding 3D DFT monitor
Finished initialization of 3D Simulation
-----------------------------------------
All processes are communicating and ready to proceed to simulation...
Starting 7944 total iterations
0.604263% complete. Max time remaining: 3 mins, 23 secs. Auto Shutoff: 1
2.21563% complete. Max time remaining: 2 mins, 52 secs. Auto Shutoff: 1
3.827% complete. Max time remaining: 2 mins, 37 secs. Auto Shutoff: 1
5.43836% complete. Max time remaining: 2 mins, 32 secs. Auto Shutoff: 1
7.04973% complete. Max time remaining: 2 mins, 26 secs. Auto Shutoff: 1.06089
8.6611% complete. Max time remaining: 2 mins, 24 secs. Auto Shutoff: 0.999564
10.2725% complete. Max time remaining: 2 mins, 20 secs. Auto Shutoff: 0.983549
11.8838% complete. Max time remaining: 2 mins, 16 secs. Auto Shutoff: 0.697169
13.4952% complete. Max time remaining: 2 mins, 13 secs. Auto Shutoff: 0.586147
15.1066% complete. Max time remaining: 2 mins, 9 secs. Auto Shutoff: 0.0102609
16.3277% complete. Max time remaining: 2 mins, 7 secs. Auto Shutoff: 4.18789e-06
100% complete. Max time remaining: 0 mins, 0 secs. Auto Shutoff: 4.18789e-06
Early termination of simulation, the autoshutoff criteria are satisfied.
Completed 1297 iterations, or 1.632768e-13s of Simulation Time
Process 0 starting to collect data
    collecting monitor data
    collecting source data
Finished collecting data
Simulation completed successfully at: Wed Apr 5 21:03:49 2023
Overall wall time measurements in seconds: 42.6996
    time to mesh and initialize: 1.98661
    time to run FDTD simulation: 24.8169
    time to checkpoint simulation: 6e-07
    time to finalize data and save to files: 0.0664977
    miscellaneous time: 15.8295
    FDTD solver speed on process 0: 59.1907 Mnodes/s
    total FDTD solver speed on 8 processes: 473.526 Mnodes/s
